This file contains any messages produced by compilers while
running configure, to aid debugging if configure makes a mistake.

It was created by installer configure 0.1.0, which was
generated by GNU Autoconf 2.69.  Invocation command line was

  $ ./configure --enable-maintainer-mode

## --------- ##
## Platform. ##
## --------- ##

hostname = japra99
uname -m = x86_64
uname -r = 3.16-3-amd64
uname -s = Linux
uname -v = #1 SMP Debian 3.16.5-1 (2014-10-10)

/usr/bin/uname -p = unknown
/bin/uname -X     = unknown

/bin/arch              = unknown
/usr/bin/arch -k       = unknown
/usr/convex/getsysinfo = unknown
/usr/bin/hostinfo      = unknown
/bin/machine           = unknown
/usr/bin/oslevel       = unknown
/bin/universe          = unknown

PATH: /usr/local/bin
PATH: /usr/bin
PATH: /bin
PATH: /usr/local/games
PATH: /usr/games


## ----------- ##
## Core tests. ##
## ----------- ##

configure:2390: checking for a BSD-compatible install
configure:2458: result: /usr/bin/install -c
configure:2469: checking whether build environment is sane
configure:2524: result: yes
configure:2675: checking for a thread-safe mkdir -p
configure:2714: result: /bin/mkdir -p
configure:2721: checking for gawk
configure:2737: found /usr/bin/gawk
configure:2748: result: gawk
configure:2759: checking whether make sets $(MAKE)
configure:2781: result: yes
configure:2810: checking whether make supports nested variables
configure:2827: result: yes
configure:2954: checking whether to enable maintainer-specific portions of Makefiles
configure:2963: result: yes
configure:3025: checking for gcc
configure:3041: found /usr/bin/gcc
configure:3052: result: gcc
configure:3281: checking for C compiler version
configure:3290: gcc --version >&5
gcc (Debian 4.9.1-16) 4.9.1
Copyright (C) 2014 Free Software Foundation, Inc.
This is free software; see the source for copying conditions.  There is NO
warranty; not even for MERCHANTABILITY or FITNESS FOR A PARTICULAR PURPOSE.

configure:3301: $? = 0
configure:3290: gcc -v >&5
Using built-in specs.
COLLECT_GCC=gcc
COLLECT_LTO_WRAPPER=/usr/lib/gcc/x86_64-linux-gnu/4.9/lto-wrapper
Target: x86_64-linux-gnu
Configured with: ../src/configure -v --with-pkgversion='Debian 4.9.1-16' --with-bugurl=file:///usr/share/doc/gcc-4.9/README.Bugs --enable-languages=c,c++,java,go,d,fortran,objc,obj-c++ --prefix=/usr --program-suffix=-4.9 --enable-shared --enable-linker-build-id --libexecdir=/usr/lib --without-included-gettext --enable-threads=posix --with-gxx-include-dir=/usr/include/c++/4.9 --libdir=/usr/lib --enable-nls --with-sysroot=/ --enable-clocale=gnu --enable-libstdcxx-debug --enable-libstdcxx-time=yes --enable-gnu-unique-object --disable-vtable-verify --enable-plugin --with-system-zlib --disable-browser-plugin --enable-java-awt=gtk --enable-gtk-cairo --with-java-home=/usr/lib/jvm/java-1.5.0-gcj-4.9-amd64/jre --enable-java-home --with-jvm-root-dir=/usr/lib/jvm/java-1.5.0-gcj-4.9-amd64 --with-jvm-jar-dir=/usr/lib/jvm-exports/java-1.5.0-gcj-4.9-amd64 --with-arch-directory=amd64 --with-ecj-jar=/usr/share/java/eclipse-ecj.jar --enable-objc-gc --enable-multiarch --with-arch-32=i586 --with-abi=m64 --with-multilib-list=m32,m64,mx32 --enable-multilib --with-tune=generic --enable-checking=release --build=x86_64-linux-gnu --host=x86_64-linux-gnu --target=x86_64-linux-gnu
Thread model: posix
gcc version 4.9.1 (Debian 4.9.1-16) 
configure:3301: $? = 0
configure:3290: gcc -V >&5
gcc: error: unrecognized command line option '-V'
gcc: fatal error: no input files
compilation terminated.
configure:3301: $? = 4
configure:3290: gcc -qversion >&5
gcc: error: unrecognized command line option '-qversion'
gcc: fatal error: no input files
compilation terminated.
configure:3301: $? = 4
configure:3321: checking whether the C compiler works
configure:3343: gcc    conftest.c  >&5
configure:3347: $? = 0
configure:3395: result: yes
configure:3398: checking for C compiler default output file name
configure:3400: result: a.out
configure:3406: checking for suffix of executables
configure:3413: gcc -o conftest    conftest.c  >&5
configure:3417: $? = 0
configure:3439: result: 
configure:3461: checking whether we are cross compiling
configure:3469: gcc -o conftest    conftest.c  >&5
configure:3473: $? = 0
configure:3480: ./conftest
configure:3484: $? = 0
configure:3499: result: no
configure:3504: checking for suffix of object files
configure:3526: gcc -c   conftest.c >&5
configure:3530: $? = 0
configure:3551: result: o
configure:3555: checking whether we are using the GNU C compiler
configure:3574: gcc -c   conftest.c >&5
configure:3574: $? = 0
configure:3583: result: yes
configure:3592: checking whether gcc accepts -g
configure:3612: gcc -c -g  conftest.c >&5
configure:3612: $? = 0
configure:3653: result: yes
configure:3670: checking for gcc option to accept ISO C89
configure:3733: gcc  -c -g -O2  conftest.c >&5
configure:3733: $? = 0
configure:3746: result: none needed
configure:3771: checking whether gcc understands -c and -o together
configure:3793: gcc -c conftest.c -o conftest2.o
configure:3796: $? = 0
configure:3793: gcc -c conftest.c -o conftest2.o
configure:3796: $? = 0
configure:3808: result: yes
configure:3836: checking for style of include used by make
configure:3864: result: GNU
configure:3890: checking dependency style of gcc
configure:4001: result: gcc3
configure:4077: checking build system type
configure:4091: result: x86_64-unknown-linux-gnu
configure:4111: checking host system type
configure:4124: result: x86_64-unknown-linux-gnu
configure:4165: checking how to print strings
configure:4192: result: printf
configure:4213: checking for a sed that does not truncate output
configure:4277: result: /bin/sed
configure:4295: checking for grep that handles long lines and -e
configure:4353: result: /bin/grep
configure:4358: checking for egrep
configure:4420: result: /bin/grep -E
configure:4425: checking for fgrep
configure:4487: result: /bin/grep -F
configure:4522: checking for ld used by gcc
configure:4589: result: /usr/bin/ld
configure:4596: checking if the linker (/usr/bin/ld) is GNU ld
configure:4611: result: yes
configure:4623: checking for BSD- or MS-compatible name lister (nm)
configure:4672: result: /usr/bin/nm -B
configure:4802: checking the name lister (/usr/bin/nm -B) interface
configure:4809: gcc -c -g -O2  conftest.c >&5
configure:4812: /usr/bin/nm -B "conftest.o"
configure:4815: output
0000000000000000 B some_variable
configure:4822: result: BSD nm
configure:4825: checking whether ln -s works
configure:4829: result: yes
configure:4837: checking the maximum length of command line arguments
configure:4968: result: 1572864
configure:4985: checking whether the shell understands some XSI constructs
configure:4995: result: yes
configure:4999: checking whether the shell understands "+="
configure:5005: result: yes
configure:5040: checking how to convert x86_64-unknown-linux-gnu file names to x86_64-unknown-linux-gnu format
configure:5080: result: func_convert_file_noop
configure:5087: checking how to convert x86_64-unknown-linux-gnu file names to toolchain format
configure:5107: result: func_convert_file_noop
configure:5114: checking for /usr/bin/ld option to reload object files
configure:5121: result: -r
configure:5195: checking for objdump
configure:5211: found /usr/bin/objdump
configure:5222: result: objdump
configure:5254: checking how to recognize dependent libraries
configure:5452: result: pass_all
configure:5537: checking for dlltool
configure:5567: result: no
configure:5597: checking how to associate runtime and link libraries
configure:5624: result: printf %s\n
configure:5685: checking for ar
configure:5701: found /usr/bin/ar
configure:5712: result: ar
configure:5749: checking for archiver @FILE support
configure:5766: gcc -c -g -O2  conftest.c >&5
configure:5766: $? = 0
configure:5769: ar cru libconftest.a @conftest.lst >&5
ar: `u' modifier ignored since `D' is the default (see `U')
configure:5772: $? = 0
configure:5777: ar cru libconftest.a @conftest.lst >&5
ar: `u' modifier ignored since `D' is the default (see `U')
ar: conftest.o: No such file or directory
configure:5780: $? = 1
configure:5792: result: @
configure:5850: checking for strip
configure:5866: found /usr/bin/strip
configure:5877: result: strip
configure:5949: checking for ranlib
configure:5965: found /usr/bin/ranlib
configure:5976: result: ranlib
configure:6078: checking command to parse /usr/bin/nm -B output from gcc object
configure:6198: gcc -c -g -O2  conftest.c >&5
configure:6201: $? = 0
configure:6205: /usr/bin/nm -B conftest.o \| sed -n -e 's/^.*[ ]\([ABCDGIRSTW][ABCDGIRSTW]*\)[ ][ ]*\([_A-Za-z][_A-Za-z0-9]*\)$/\1 \2 \2/p' | sed '/ __gnu_lto/d' \> conftest.nm
configure:6208: $? = 0
configure:6274: gcc -o conftest -g -O2   conftest.c conftstm.o >&5
configure:6277: $? = 0
configure:6315: result: ok
configure:6352: checking for sysroot
configure:6382: result: no
configure:6459: gcc -c -g -O2  conftest.c >&5
configure:6462: $? = 0
configure:6651: checking for mt
configure:6667: found /bin/mt
configure:6678: result: mt
configure:6701: checking if mt is a manifest tool
configure:6707: mt '-?'
configure:6715: result: no
configure:7357: checking how to run the C preprocessor
configure:7388: gcc -E  conftest.c
configure:7388: $? = 0
configure:7402: gcc -E  conftest.c
conftest.c:11:28: fatal error: ac_nonexistent.h: No such file or directory
 #include <ac_nonexistent.h>
                            ^
compilation terminated.
configure:7402: $? = 1
configure: failed program was:
| /* confdefs.h */
| #define PACKAGE_NAME "installer"
| #define PACKAGE_TARNAME "installer"
| #define PACKAGE_VERSION "0.1.0"
| #define PACKAGE_STRING "installer 0.1.0"
| #define PACKAGE_BUGREPORT ""
| #define PACKAGE_URL ""
| #define PACKAGE "installer"
| #define VERSION "0.1.0"
| /* end confdefs.h.  */
| #include <ac_nonexistent.h>
configure:7427: result: gcc -E
configure:7447: gcc -E  conftest.c
configure:7447: $? = 0
configure:7461: gcc -E  conftest.c
conftest.c:11:28: fatal error: ac_nonexistent.h: No such file or directory
 #include <ac_nonexistent.h>
                            ^
compilation terminated.
configure:7461: $? = 1
configure: failed program was:
| /* confdefs.h */
| #define PACKAGE_NAME "installer"
| #define PACKAGE_TARNAME "installer"
| #define PACKAGE_VERSION "0.1.0"
| #define PACKAGE_STRING "installer 0.1.0"
| #define PACKAGE_BUGREPORT ""
| #define PACKAGE_URL ""
| #define PACKAGE "installer"
| #define VERSION "0.1.0"
| /* end confdefs.h.  */
| #include <ac_nonexistent.h>
configure:7490: checking for ANSI C header files
configure:7510: gcc -c -g -O2  conftest.c >&5
configure:7510: $? = 0
configure:7583: gcc -o conftest -g -O2   conftest.c  >&5
configure:7583: $? = 0
configure:7583: ./conftest
configure:7583: $? = 0
configure:7594: result: yes
configure:7607: checking for sys/types.h
configure:7607: gcc -c -g -O2  conftest.c >&5
configure:7607: $? = 0
configure:7607: result: yes
configure:7607: checking for sys/stat.h
configure:7607: gcc -c -g -O2  conftest.c >&5
configure:7607: $? = 0
configure:7607: result: yes
configure:7607: checking for stdlib.h
configure:7607: gcc -c -g -O2  conftest.c >&5
configure:7607: $? = 0
configure:7607: result: yes
configure:7607: checking for string.h
configure:7607: gcc -c -g -O2  conftest.c >&5
configure:7607: $? = 0
configure:7607: result: yes
configure:7607: checking for memory.h
configure:7607: gcc -c -g -O2  conftest.c >&5
configure:7607: $? = 0
configure:7607: result: yes
configure:7607: checking for strings.h
configure:7607: gcc -c -g -O2  conftest.c >&5
configure:7607: $? = 0
configure:7607: result: yes
configure:7607: checking for inttypes.h
configure:7607: gcc -c -g -O2  conftest.c >&5
configure:7607: $? = 0
configure:7607: result: yes
configure:7607: checking for stdint.h
configure:7607: gcc -c -g -O2  conftest.c >&5
configure:7607: $? = 0
configure:7607: result: yes
configure:7607: checking for unistd.h
configure:7607: gcc -c -g -O2  conftest.c >&5
configure:7607: $? = 0
configure:7607: result: yes
configure:7621: checking for dlfcn.h
configure:7621: gcc -c -g -O2  conftest.c >&5
configure:7621: $? = 0
configure:7621: result: yes
configure:7797: checking for objdir
configure:7812: result: .libs
configure:8079: checking if gcc supports -fno-rtti -fno-exceptions
configure:8097: gcc -c -g -O2  -fno-rtti -fno-exceptions conftest.c >&5
cc1: warning: command line option '-fno-rtti' is valid for C++/ObjC++ but not for C
configure:8101: $? = 0
configure:8114: result: no
configure:8441: checking for gcc option to produce PIC
configure:8448: result: -fPIC -DPIC
configure:8456: checking if gcc PIC flag -fPIC -DPIC works
configure:8474: gcc -c -g -O2  -fPIC -DPIC -DPIC conftest.c >&5
configure:8478: $? = 0
configure:8491: result: yes
configure:8520: checking if gcc static flag -static works
configure:8548: result: yes
configure:8563: checking if gcc supports -c -o file.o
configure:8584: gcc -c -g -O2  -o out/conftest2.o conftest.c >&5
configure:8588: $? = 0
configure:8610: result: yes
configure:8618: checking if gcc supports -c -o file.o
configure:8665: result: yes
configure:8698: checking whether the gcc linker (/usr/bin/ld -m elf_x86_64) supports shared libraries
configure:9855: result: yes
configure:9892: checking whether -lc should be explicitly linked in
configure:9900: gcc -c -g -O2  conftest.c >&5
configure:9903: $? = 0
configure:9918: gcc -shared  -fPIC -DPIC conftest.o  -v -Wl,-soname -Wl,conftest -o conftest 2\>\&1 \| /bin/grep  -lc  \>/dev/null 2\>\&1
configure:9921: $? = 0
configure:9935: result: no
configure:10095: checking dynamic linker characteristics
configure:10595: gcc -o conftest -g -O2   -Wl,-rpath -Wl,/foo conftest.c  >&5
configure:10595: $? = 0
configure:10829: result: GNU/Linux ld.so
configure:10936: checking how to hardcode library paths into programs
configure:10961: result: immediate
configure:11501: checking whether stripping libraries is possible
configure:11506: result: yes
configure:11541: checking if libtool supports shared libraries
configure:11543: result: yes
configure:11546: checking whether to build shared libraries
configure:11567: result: yes
configure:11570: checking whether to build static libraries
configure:11574: result: no
configure:11614: checking for valac
configure:11632: found /usr/bin/valac
configure:11645: result: /usr/bin/valac
configure:11654: checking whether /usr/bin/valac is at least version 0.14.0
configure:11662: result: yes
configure:11716: checking locale.h usability
configure:11716: gcc -c -g -O2  conftest.c >&5
configure:11716: $? = 0
configure:11716: result: yes
configure:11716: checking locale.h presence
configure:11716: gcc -E  conftest.c
configure:11716: $? = 0
configure:11716: result: yes
configure:11716: checking for locale.h
configure:11716: result: yes
configure:11727: checking for LC_MESSAGES
configure:11743: gcc -o conftest -g -O2   conftest.c  >&5
configure:11743: $? = 0
configure:11751: result: yes
configure:11768: checking libintl.h usability
configure:11768: gcc -c -g -O2  conftest.c >&5
configure:11768: $? = 0
configure:11768: result: yes
configure:11768: checking libintl.h presence
configure:11768: gcc -E  conftest.c
configure:11768: $? = 0
configure:11768: result: yes
configure:11768: checking for libintl.h
configure:11768: result: yes
configure:11776: checking for ngettext in libc
configure:11794: gcc -o conftest -g -O2   conftest.c  >&5
configure:11794: $? = 0
configure:11803: result: yes
configure:11807: checking for dgettext in libc
configure:11825: gcc -o conftest -g -O2   conftest.c  >&5
configure:11825: $? = 0
configure:11834: result: yes
configure:11841: checking for bind_textdomain_codeset
configure:11841: gcc -o conftest -g -O2   conftest.c  >&5
configure:11841: $? = 0
configure:11841: result: yes
configure:12117: checking for msgfmt
configure:12144: result: /usr/bin/msgfmt
configure:12155: checking for dcgettext
configure:12155: gcc -o conftest -g -O2   conftest.c   >&5
conftest.c:52:6: warning: conflicting types for built-in function 'dcgettext'
 char dcgettext ();
      ^
configure:12155: $? = 0
configure:12155: result: yes
configure:12165: checking if msgfmt accepts -c
configure:12180: $MSGFMT -c -o /dev/null conftest.foo
conftest.foo:3: warning: header field 'Language' missing in header
configure:12183: $? = 0
configure:12185: result: yes
configure:12195: checking for gmsgfmt
configure:12226: result: /usr/bin/msgfmt
configure:12236: checking for xgettext
configure:12263: result: /usr/bin/xgettext
configure:12282: gcc -o conftest -g -O2   conftest.c   >&5
configure:12282: $? = 0
configure:12422: checking whether NLS is requested
configure:12431: result: yes
configure:12449: checking for intltool >= 0.35.0
configure:12451: result: 0.50.2 found
configure:12459: checking for intltool-update
configure:12477: found /usr/bin/intltool-update
configure:12489: result: /usr/bin/intltool-update
configure:12499: checking for intltool-merge
configure:12517: found /usr/bin/intltool-merge
configure:12529: result: /usr/bin/intltool-merge
configure:12539: checking for intltool-extract
configure:12557: found /usr/bin/intltool-extract
configure:12569: result: /usr/bin/intltool-extract
configure:12723: checking for xgettext
configure:12753: result: /usr/bin/xgettext
configure:12763: checking for msgmerge
configure:12781: found /usr/bin/msgmerge
configure:12793: result: /usr/bin/msgmerge
configure:12803: checking for msgfmt
configure:12833: result: /usr/bin/msgfmt
configure:12843: checking for gmsgfmt
configure:12874: result: /usr/bin/msgfmt
configure:12894: checking for perl
configure:12912: found /usr/bin/perl
configure:12924: result: /usr/bin/perl
configure:12935: checking for perl >= 5.8.1
configure:12942: result: 5.20.2
configure:12946: checking for XML::Parser
configure:12949: result: ok
configure:13067: checking for pkg-config
configure:13085: found /usr/bin/pkg-config
configure:13097: result: /usr/bin/pkg-config
configure:13122: checking pkg-config is at least version 0.9.0
configure:13125: result: yes
configure:13135: checking for INSTALLER
configure:13142: $PKG_CONFIG --exists --print-errors "glib-2.0 >= $GLIB_REQUIRED gobject-2.0 >= $GLIB_REQUIRED gtk+-3.0 >= $GTK_REQUIRED atk >= $ATK_REQUIRED gee-1.0 >= $GEE_REQUIRED webkitgtk-3.0 >= $WEBKIT_REQUIRED libsoup-2.4 >= $SOUP_REQUIRED libparted >= 2.3"
configure:13145: $? = 0
configure:13159: $PKG_CONFIG --exists --print-errors "glib-2.0 >= $GLIB_REQUIRED gobject-2.0 >= $GLIB_REQUIRED gtk+-3.0 >= $GTK_REQUIRED atk >= $ATK_REQUIRED gee-1.0 >= $GEE_REQUIRED webkitgtk-3.0 >= $WEBKIT_REQUIRED libsoup-2.4 >= $SOUP_REQUIRED libparted >= 2.3"
configure:13162: $? = 0
configure:13220: result: yes
configure:13345: checking that generated files are newer than configure
configure:13351: result: done
configure:13382: creating ./config.status

## ---------------------- ##
## Running config.status. ##
## ---------------------- ##

This file was extended by installer config.status 0.1.0, which was
generated by GNU Autoconf 2.69.  Invocation command line was

  CONFIG_FILES    = 
  CONFIG_HEADERS  = 
  CONFIG_LINKS    = 
  CONFIG_COMMANDS = 
  $ ./config.status 

on japra99

config.status:1179: creating Makefile
config.status:1179: creating src/Makefile
config.status:1179: creating scripts/Makefile
config.status:1179: creating system/Makefile
config.status:1179: creating po/Makefile.in
config.status:1179: creating config.h
config.status:1360: config.h is unchanged
config.status:1408: executing depfiles commands
config.status:1408: executing libtool commands
config.status:1408: executing default-1 commands
config.status:1408: executing po/stamp-it commands

## ---------------- ##
## Cache variables. ##
## ---------------- ##

ac_cv_build=x86_64-unknown-linux-gnu
ac_cv_c_compiler_gnu=yes
ac_cv_env_CC_set=
ac_cv_env_CC_value=
ac_cv_env_CFLAGS_set=
ac_cv_env_CFLAGS_value=
ac_cv_env_CPPFLAGS_set=
ac_cv_env_CPPFLAGS_value=
ac_cv_env_CPP_set=
ac_cv_env_CPP_value=
ac_cv_env_INSTALLER_CFLAGS_set=
ac_cv_env_INSTALLER_CFLAGS_value=
ac_cv_env_INSTALLER_LIBS_set=
ac_cv_env_INSTALLER_LIBS_value=
ac_cv_env_LDFLAGS_set=
ac_cv_env_LDFLAGS_value=
ac_cv_env_LIBS_set=
ac_cv_env_LIBS_value=
ac_cv_env_PKG_CONFIG_LIBDIR_set=
ac_cv_env_PKG_CONFIG_LIBDIR_value=
ac_cv_env_PKG_CONFIG_PATH_set=
ac_cv_env_PKG_CONFIG_PATH_value=
ac_cv_env_PKG_CONFIG_set=
ac_cv_env_PKG_CONFIG_value=
ac_cv_env_build_alias_set=
ac_cv_env_build_alias_value=
ac_cv_env_host_alias_set=
ac_cv_env_host_alias_value=
ac_cv_env_target_alias_set=
ac_cv_env_target_alias_value=
ac_cv_func_bind_textdomain_codeset=yes
ac_cv_func_dcgettext=yes
ac_cv_header_dlfcn_h=yes
ac_cv_header_inttypes_h=yes
ac_cv_header_libintl_h=yes
ac_cv_header_locale_h=yes
ac_cv_header_memory_h=yes
ac_cv_header_stdc=yes
ac_cv_header_stdint_h=yes
ac_cv_header_stdlib_h=yes
ac_cv_header_string_h=yes
ac_cv_header_strings_h=yes
ac_cv_header_sys_stat_h=yes
ac_cv_header_sys_types_h=yes
ac_cv_header_unistd_h=yes
ac_cv_host=x86_64-unknown-linux-gnu
ac_cv_objext=o
ac_cv_path_EGREP='/bin/grep -E'
ac_cv_path_FGREP='/bin/grep -F'
ac_cv_path_GMSGFMT=/usr/bin/msgfmt
ac_cv_path_GREP=/bin/grep
ac_cv_path_INTLTOOL_EXTRACT=/usr/bin/intltool-extract
ac_cv_path_INTLTOOL_MERGE=/usr/bin/intltool-merge
ac_cv_path_INTLTOOL_PERL=/usr/bin/perl
ac_cv_path_INTLTOOL_UPDATE=/usr/bin/intltool-update
ac_cv_path_MSGFMT=/usr/bin/msgfmt
ac_cv_path_MSGMERGE=/usr/bin/msgmerge
ac_cv_path_SED=/bin/sed
ac_cv_path_VALAC=/usr/bin/valac
ac_cv_path_XGETTEXT=/usr/bin/xgettext
ac_cv_path_ac_pt_PKG_CONFIG=/usr/bin/pkg-config
ac_cv_path_install='/usr/bin/install -c'
ac_cv_path_mkdir=/bin/mkdir
ac_cv_prog_AWK=gawk
ac_cv_prog_CPP='gcc -E'
ac_cv_prog_ac_ct_AR=ar
ac_cv_prog_ac_ct_CC=gcc
ac_cv_prog_ac_ct_MANIFEST_TOOL=mt
ac_cv_prog_ac_ct_OBJDUMP=objdump
ac_cv_prog_ac_ct_RANLIB=ranlib
ac_cv_prog_ac_ct_STRIP=strip
ac_cv_prog_cc_c89=
ac_cv_prog_cc_g=yes
ac_cv_prog_make_make_set=yes
am_cv_CC_dependencies_compiler_type=gcc3
am_cv_make_support_nested_variables=yes
am_cv_prog_cc_c_o=yes
am_cv_val_LC_MESSAGES=yes
gt_cv_func_dgettext_libc=yes
gt_cv_func_dgettext_libintl=no
gt_cv_func_ngettext_libc=yes
gt_cv_have_gettext=yes
lt_cv_ar_at_file=@
lt_cv_archive_cmds_need_lc=no
lt_cv_deplibs_check_method=pass_all
lt_cv_file_magic_cmd='$MAGIC_CMD'
lt_cv_file_magic_test_file=
lt_cv_ld_reload_flag=-r
lt_cv_nm_interface='BSD nm'
lt_cv_objdir=.libs
lt_cv_path_LD=/usr/bin/ld
lt_cv_path_NM='/usr/bin/nm -B'
lt_cv_path_mainfest_tool=no
lt_cv_prog_compiler_c_o=yes
lt_cv_prog_compiler_pic='-fPIC -DPIC'
lt_cv_prog_compiler_pic_works=yes
lt_cv_prog_compiler_rtti_exceptions=no
lt_cv_prog_compiler_static_works=yes
lt_cv_prog_gnu_ld=yes
lt_cv_sharedlib_from_linklib_cmd='printf %s\n'
lt_cv_shlibpath_overrides_runpath=no
lt_cv_sys_global_symbol_pipe='sed -n -e '\''s/^.*[	 ]\([ABCDGIRSTW][ABCDGIRSTW]*\)[	 ][	 ]*\([_A-Za-z][_A-Za-z0-9]*\)$/\1 \2 \2/p'\'' | sed '\''/ __gnu_lto/d'\'''
lt_cv_sys_global_symbol_to_c_name_address='sed -n -e '\''s/^: \([^ ]*\)[ ]*$/  {\"\1\", (void *) 0},/p'\'' -e '\''s/^[ABCDGIRSTW]* \([^ ]*\) \([^ ]*\)$/  {"\2", (void *) \&\2},/p'\'''
lt_cv_sys_global_symbol_to_c_name_address_lib_prefix='sed -n -e '\''s/^: \([^ ]*\)[ ]*$/  {\"\1\", (void *) 0},/p'\'' -e '\''s/^[ABCDGIRSTW]* \([^ ]*\) \(lib[^ ]*\)$/  {"\2", (void *) \&\2},/p'\'' -e '\''s/^[ABCDGIRSTW]* \([^ ]*\) \([^ ]*\)$/  {"lib\2", (void *) \&\2},/p'\'''
lt_cv_sys_global_symbol_to_cdecl='sed -n -e '\''s/^T .* \(.*\)$/extern int \1();/p'\'' -e '\''s/^[ABCDGIRSTW]* .* \(.*\)$/extern char \1;/p'\'''
lt_cv_sys_max_cmd_len=1572864
lt_cv_to_host_file_cmd=func_convert_file_noop
lt_cv_to_tool_file_cmd=func_convert_file_noop
pkg_cv_INSTALLER_CFLAGS='-pthread -I/usr/include/gee-1.0 -I/usr/include/webkitgtk-3.0 -I/usr/include/gtk-3.0 -I/usr/include/at-spi2-atk/2.0 -I/usr/include/at-spi-2.0 -I/usr/include/dbus-1.0 -I/usr/lib/x86_64-linux-gnu/dbus-1.0/include -I/usr/include/gtk-3.0 -I/usr/include/gio-unix-2.0/ -I/usr/include/cairo -I/usr/include/pango-1.0 -I/usr/include/harfbuzz -I/usr/include/pango-1.0 -I/usr/include/atk-1.0 -I/usr/include/cairo -I/usr/include/pixman-1 -I/usr/include/freetype2 -I/usr/include/libpng12 -I/usr/include/gdk-pixbuf-2.0 -I/usr/include/libpng12 -I/usr/include/webkitgtk-3.0 -I/usr/include/libsoup-2.4 -I/usr/include/libxml2 -I/usr/include/glib-2.0 -I/usr/lib/x86_64-linux-gnu/glib-2.0/include '
pkg_cv_INSTALLER_LIBS='-lgee -lwebkitgtk-3.0 -lgtk-3 -lgdk-3 -lpangocairo-1.0 -lpango-1.0 -latk-1.0 -lcairo-gobject -lcairo -lgdk_pixbuf-2.0 -ljavascriptcoregtk-3.0 -lsoup-2.4 -lgio-2.0 -lgobject-2.0 -lglib-2.0 -lparted '

## ----------------- ##
## Output variables. ##
## ----------------- ##

ACLOCAL='${SHELL} /home/herpiko/src/blankon-installer/missing aclocal-1.14'
ALL_LINGUAS=''
AMDEPBACKSLASH='\'
AMDEP_FALSE='#'
AMDEP_TRUE=''
AMTAR='$${TAR-tar}'
AM_BACKSLASH='\'
AM_DEFAULT_V='$(AM_DEFAULT_VERBOSITY)'
AM_DEFAULT_VERBOSITY='1'
AM_V='$(V)'
AR='ar'
AUTOCONF='${SHELL} /home/herpiko/src/blankon-installer/missing autoconf'
AUTOHEADER='${SHELL} /home/herpiko/src/blankon-installer/missing autoheader'
AUTOMAKE='${SHELL} /home/herpiko/src/blankon-installer/missing automake-1.14'
AWK='gawk'
CATALOGS=''
CATOBJEXT='.gmo'
CC='gcc'
CCDEPMODE='depmode=gcc3'
CFLAGS='-g -O2'
CPP='gcc -E'
CPPFLAGS=''
CYGPATH_W='echo'
DATADIRNAME='share'
DEFS='-DHAVE_CONFIG_H'
DEPDIR='.deps'
DLLTOOL='false'
DSYMUTIL=''
DUMPBIN=''
ECHO_C=''
ECHO_N='-n'
ECHO_T=''
EGREP='/bin/grep -E'
EXEEXT=''
FGREP='/bin/grep -F'
GETTEXT_PACKAGE='blankon-installer'
GMOFILES=''
GMSGFMT='/usr/bin/msgfmt'
GREP='/bin/grep'
INSTALLER_CFLAGS='-pthread -I/usr/include/gee-1.0 -I/usr/include/webkitgtk-3.0 -I/usr/include/gtk-3.0 -I/usr/include/at-spi2-atk/2.0 -I/usr/include/at-spi-2.0 -I/usr/include/dbus-1.0 -I/usr/lib/x86_64-linux-gnu/dbus-1.0/include -I/usr/include/gtk-3.0 -I/usr/include/gio-unix-2.0/ -I/usr/include/cairo -I/usr/include/pango-1.0 -I/usr/include/harfbuzz -I/usr/include/pango-1.0 -I/usr/include/atk-1.0 -I/usr/include/cairo -I/usr/include/pixman-1 -I/usr/include/freetype2 -I/usr/include/libpng12 -I/usr/include/gdk-pixbuf-2.0 -I/usr/include/libpng12 -I/usr/include/webkitgtk-3.0 -I/usr/include/libsoup-2.4 -I/usr/include/libxml2 -I/usr/include/glib-2.0 -I/usr/lib/x86_64-linux-gnu/glib-2.0/include '
INSTALLER_LIBS='-lgee -lwebkitgtk-3.0 -lgtk-3 -lgdk-3 -lpangocairo-1.0 -lpango-1.0 -latk-1.0 -lcairo-gobject -lcairo -lgdk_pixbuf-2.0 -ljavascriptcoregtk-3.0 -lsoup-2.4 -lgio-2.0 -lgobject-2.0 -lglib-2.0 -lparted '
INSTALL_DATA='${INSTALL} -m 644'
INSTALL_PROGRAM='${INSTALL}'
INSTALL_SCRIPT='${INSTALL}'
INSTALL_STRIP_PROGRAM='$(install_sh) -c -s'
INSTOBJEXT='.mo'
INTLLIBS=''
INTLTOOL_CAVES_RULE='%.caves:     %.caves.in     $(INTLTOOL_MERGE) $(wildcard $(top_srcdir)/po/*.po) ; $(INTLTOOL_V_MERGE)LC_ALL=C $(INTLTOOL_MERGE) $(INTLTOOL_V_MERGE_OPTIONS) -d -u -c $(top_builddir)/po/.intltool-merge-cache $(top_srcdir)/po $< $@'
INTLTOOL_DESKTOP_RULE='%.desktop:   %.desktop.in   $(INTLTOOL_MERGE) $(wildcard $(top_srcdir)/po/*.po) ; $(INTLTOOL_V_MERGE)LC_ALL=C $(INTLTOOL_MERGE) $(INTLTOOL_V_MERGE_OPTIONS) -d -u -c $(top_builddir)/po/.intltool-merge-cache $(top_srcdir)/po $< $@'
INTLTOOL_DIRECTORY_RULE='%.directory: %.directory.in $(INTLTOOL_MERGE) $(wildcard $(top_srcdir)/po/*.po) ; $(INTLTOOL_V_MERGE)LC_ALL=C $(INTLTOOL_MERGE) $(INTLTOOL_V_MERGE_OPTIONS) -d -u -c $(top_builddir)/po/.intltool-merge-cache $(top_srcdir)/po $< $@'
INTLTOOL_EXTRACT='/usr/bin/intltool-extract'
INTLTOOL_KBD_RULE='%.kbd:       %.kbd.in       $(INTLTOOL_MERGE) $(wildcard $(top_srcdir)/po/*.po) ; $(INTLTOOL_V_MERGE)LC_ALL=C $(INTLTOOL_MERGE) $(INTLTOOL_V_MERGE_OPTIONS) -x -u -m -c $(top_builddir)/po/.intltool-merge-cache $(top_srcdir)/po $< $@'
INTLTOOL_KEYS_RULE='%.keys:      %.keys.in      $(INTLTOOL_MERGE) $(wildcard $(top_srcdir)/po/*.po) ; $(INTLTOOL_V_MERGE)LC_ALL=C $(INTLTOOL_MERGE) $(INTLTOOL_V_MERGE_OPTIONS) -k -u -c $(top_builddir)/po/.intltool-merge-cache $(top_srcdir)/po $< $@'
INTLTOOL_MERGE='/usr/bin/intltool-merge'
INTLTOOL_OAF_RULE='%.oaf:       %.oaf.in       $(INTLTOOL_MERGE) $(wildcard $(top_srcdir)/po/*.po) ; $(INTLTOOL_V_MERGE)LC_ALL=C $(INTLTOOL_MERGE) $(INTLTOOL_V_MERGE_OPTIONS) -o -p $(top_srcdir)/po $< $@'
INTLTOOL_PERL='/usr/bin/perl'
INTLTOOL_POLICY_RULE='%.policy:    %.policy.in    $(INTLTOOL_MERGE) $(wildcard $(top_srcdir)/po/*.po) ; $(INTLTOOL_V_MERGE)LC_ALL=C $(INTLTOOL_MERGE) $(INTLTOOL_V_MERGE_OPTIONS) -x -u -c $(top_builddir)/po/.intltool-merge-cache $(top_srcdir)/po $< $@'
INTLTOOL_PONG_RULE='%.pong:      %.pong.in      $(INTLTOOL_MERGE) $(wildcard $(top_srcdir)/po/*.po) ; $(INTLTOOL_V_MERGE)LC_ALL=C $(INTLTOOL_MERGE) $(INTLTOOL_V_MERGE_OPTIONS) -x -u -c $(top_builddir)/po/.intltool-merge-cache $(top_srcdir)/po $< $@'
INTLTOOL_PROP_RULE='%.prop:      %.prop.in      $(INTLTOOL_MERGE) $(wildcard $(top_srcdir)/po/*.po) ; $(INTLTOOL_V_MERGE)LC_ALL=C $(INTLTOOL_MERGE) $(INTLTOOL_V_MERGE_OPTIONS) -d -u -c $(top_builddir)/po/.intltool-merge-cache $(top_srcdir)/po $< $@'
INTLTOOL_SCHEMAS_RULE='%.schemas:   %.schemas.in   $(INTLTOOL_MERGE) $(wildcard $(top_srcdir)/po/*.po) ; $(INTLTOOL_V_MERGE)LC_ALL=C $(INTLTOOL_MERGE) $(INTLTOOL_V_MERGE_OPTIONS) -s -u -c $(top_builddir)/po/.intltool-merge-cache $(top_srcdir)/po $< $@'
INTLTOOL_SERVER_RULE='%.server:    %.server.in    $(INTLTOOL_MERGE) $(wildcard $(top_srcdir)/po/*.po) ; $(INTLTOOL_V_MERGE)LC_ALL=C $(INTLTOOL_MERGE) $(INTLTOOL_V_MERGE_OPTIONS) -o -u -c $(top_builddir)/po/.intltool-merge-cache $(top_srcdir)/po $< $@'
INTLTOOL_SERVICE_RULE='%.service: %.service.in   $(INTLTOOL_MERGE) $(wildcard $(top_srcdir)/po/*.po) ; $(INTLTOOL_V_MERGE)LC_ALL=C $(INTLTOOL_MERGE) $(INTLTOOL_V_MERGE_OPTIONS) -d -u -c $(top_builddir)/po/.intltool-merge-cache $(top_srcdir)/po $< $@'
INTLTOOL_SHEET_RULE='%.sheet:     %.sheet.in     $(INTLTOOL_MERGE) $(wildcard $(top_srcdir)/po/*.po) ; $(INTLTOOL_V_MERGE)LC_ALL=C $(INTLTOOL_MERGE) $(INTLTOOL_V_MERGE_OPTIONS) -x -u -c $(top_builddir)/po/.intltool-merge-cache $(top_srcdir)/po $< $@'
INTLTOOL_SOUNDLIST_RULE='%.soundlist: %.soundlist.in $(INTLTOOL_MERGE) $(wildcard $(top_srcdir)/po/*.po) ; $(INTLTOOL_V_MERGE)LC_ALL=C $(INTLTOOL_MERGE) $(INTLTOOL_V_MERGE_OPTIONS) -d -u -c $(top_builddir)/po/.intltool-merge-cache $(top_srcdir)/po $< $@'
INTLTOOL_THEME_RULE='%.theme:     %.theme.in     $(INTLTOOL_MERGE) $(wildcard $(top_srcdir)/po/*.po) ; $(INTLTOOL_V_MERGE)LC_ALL=C $(INTLTOOL_MERGE) $(INTLTOOL_V_MERGE_OPTIONS) -d -u -c $(top_builddir)/po/.intltool-merge-cache $(top_srcdir)/po $< $@'
INTLTOOL_UI_RULE='%.ui:        %.ui.in        $(INTLTOOL_MERGE) $(wildcard $(top_srcdir)/po/*.po) ; $(INTLTOOL_V_MERGE)LC_ALL=C $(INTLTOOL_MERGE) $(INTLTOOL_V_MERGE_OPTIONS) -x -u -c $(top_builddir)/po/.intltool-merge-cache $(top_srcdir)/po $< $@'
INTLTOOL_UPDATE='/usr/bin/intltool-update'
INTLTOOL_V_MERGE='$(INTLTOOL__v_MERGE_$(V))'
INTLTOOL_V_MERGE_OPTIONS='$(intltool__v_merge_options_$(V))'
INTLTOOL_XAM_RULE='%.xam:       %.xml.in       $(INTLTOOL_MERGE) $(wildcard $(top_srcdir)/po/*.po) ; $(INTLTOOL_V_MERGE)LC_ALL=C $(INTLTOOL_MERGE) $(INTLTOOL_V_MERGE_OPTIONS) -x -u -c $(top_builddir)/po/.intltool-merge-cache $(top_srcdir)/po $< $@'
INTLTOOL_XML_NOMERGE_RULE='%.xml:       %.xml.in       $(INTLTOOL_MERGE) ; $(INTLTOOL_V_MERGE)LC_ALL=C $(INTLTOOL_MERGE) $(INTLTOOL_V_MERGE_OPTIONS) -x -u --no-translations $< $@'
INTLTOOL_XML_RULE='%.xml:       %.xml.in       $(INTLTOOL_MERGE) $(wildcard $(top_srcdir)/po/*.po) ; $(INTLTOOL_V_MERGE)LC_ALL=C $(INTLTOOL_MERGE) $(INTLTOOL_V_MERGE_OPTIONS) -x -u -c $(top_builddir)/po/.intltool-merge-cache $(top_srcdir)/po $< $@'
INTLTOOL__v_MERGE_0='@echo "  ITMRG " $@;'
INTLTOOL__v_MERGE_='$(INTLTOOL__v_MERGE_$(AM_DEFAULT_VERBOSITY))'
LD='/usr/bin/ld -m elf_x86_64'
LDFLAGS=''
LIBOBJS=''
LIBS=''
LIBTOOL='$(SHELL) $(top_builddir)/libtool'
LIPO=''
LN_S='ln -s'
LTLIBOBJS=''
MAINT=''
MAINTAINER_MODE_FALSE='#'
MAINTAINER_MODE_TRUE=''
MAKEINFO='${SHELL} /home/herpiko/src/blankon-installer/missing makeinfo'
MANIFEST_TOOL=':'
MKDIR_P='/bin/mkdir -p'
MKINSTALLDIRS='./mkinstalldirs'
MSGFMT='/usr/bin/msgfmt'
MSGFMT_OPTS='-c'
MSGMERGE='/usr/bin/msgmerge'
NM='/usr/bin/nm -B'
NMEDIT=''
OBJDUMP='objdump'
OBJEXT='o'
OTOOL64=''
OTOOL=''
PACKAGE='installer'
PACKAGE_BUGREPORT=''
PACKAGE_NAME='installer'
PACKAGE_STRING='installer 0.1.0'
PACKAGE_TARNAME='installer'
PACKAGE_URL=''
PACKAGE_VERSION='0.1.0'
PATH_SEPARATOR=':'
PKG_CONFIG='/usr/bin/pkg-config'
PKG_CONFIG_LIBDIR=''
PKG_CONFIG_PATH=''
POFILES=''
POSUB='po'
PO_IN_DATADIR_FALSE=''
PO_IN_DATADIR_TRUE=''
RANLIB='ranlib'
SED='/bin/sed'
SET_MAKE=''
SHELL='/bin/bash'
STRIP='strip'
SYSTEM_PATH=''
USE_NLS='yes'
VALAC='/usr/bin/valac'
VALA_PACKAGES='--pkg atk --pkg gdk-x11-3.0 --pkg gee-1.0 --pkg gtk+-3.0 --pkg gio-unix-2.0 --pkg gdk-3.0 --pkg webkit-1.0 --pkg libsoup-2.4 --pkg parted --pkg javascriptcore'
VERSION='0.1.0'
XGETTEXT='/usr/bin/xgettext'
ac_ct_AR='ar'
ac_ct_CC='gcc'
ac_ct_DUMPBIN=''
am__EXEEXT_FALSE=''
am__EXEEXT_TRUE='#'
am__fastdepCC_FALSE='#'
am__fastdepCC_TRUE=''
am__include='include'
am__isrc=''
am__leading_dot='.'
am__nodep='_no'
am__quote=''
am__tar='$${TAR-tar} chof - "$$tardir"'
am__untar='$${TAR-tar} xf -'
bindir='${exec_prefix}/bin'
build='x86_64-unknown-linux-gnu'
build_alias=''
build_cpu='x86_64'
build_os='linux-gnu'
build_vendor='unknown'
datadir='${datarootdir}'
datarootdir='${prefix}/share'
docdir='${datarootdir}/doc/${PACKAGE_TARNAME}'
dvidir='${docdir}'
exec_prefix='${prefix}'
host='x86_64-unknown-linux-gnu'
host_alias=''
host_cpu='x86_64'
host_os='linux-gnu'
host_vendor='unknown'
htmldir='${docdir}'
includedir='${prefix}/include'
infodir='${datarootdir}/info'
install_sh='${SHELL} /home/herpiko/src/blankon-installer/install-sh'
intltool__v_merge_options_0='-q'
intltool__v_merge_options_='$(intltool__v_merge_options_$(AM_DEFAULT_VERBOSITY))'
libdir='${exec_prefix}/lib'
libexecdir='${exec_prefix}/libexec'
localedir='${datarootdir}/locale'
localstatedir='${prefix}/var'
mandir='${datarootdir}/man'
mkdir_p='$(MKDIR_P)'
oldincludedir='/usr/include'
pdfdir='${docdir}'
prefix='/usr'
program_transform_name='s,x,x,'
psdir='${docdir}'
sbindir='${exec_prefix}/sbin'
sharedstatedir='${prefix}/com'
sysconfdir='${prefix}/etc'
target_alias=''

## ----------- ##
## confdefs.h. ##
## ----------- ##

/* confdefs.h */
#define PACKAGE_NAME "installer"
#define PACKAGE_TARNAME "installer"
#define PACKAGE_VERSION "0.1.0"
#define PACKAGE_STRING "installer 0.1.0"
#define PACKAGE_BUGREPORT ""
#define PACKAGE_URL ""
#define PACKAGE "installer"
#define VERSION "0.1.0"
#define STDC_HEADERS 1
#define HAVE_SYS_TYPES_H 1
#define HAVE_SYS_STAT_H 1
#define HAVE_STDLIB_H 1
#define HAVE_STRING_H 1
#define HAVE_MEMORY_H 1
#define HAVE_STRINGS_H 1
#define HAVE_INTTYPES_H 1
#define HAVE_STDINT_H 1
#define HAVE_UNISTD_H 1
#define HAVE_DLFCN_H 1
#define LT_OBJDIR ".libs/"
#define SYSTEM_PATH "/usr/lib/blankon-installer/system"
#define GETTEXT_PACKAGE "blankon-installer"
#define HAVE_LOCALE_H 1
#define HAVE_LC_MESSAGES 1
#define HAVE_BIND_TEXTDOMAIN_CODESET 1
#define HAVE_GETTEXT 1
#define HAVE_DCGETTEXT 1
#define ENABLE_NLS 1

configure: exit 0
